Build started 31/12/2012 00:34:45.
     1>Project "C:\repos\Bacterium V10 Ryan\Arena Game\Arena Game.vcxproj" on node 2 (build target(s)).
     1>InitializeBuildStatus:
         Creating "Debug\Arena Game.unsuccessfulbuild" because "AlwaysCreate" was specified.
       ClCompile:
         C:\Program Files (x86)\Microsoft Visual Studio 10.0\VC\bin\CL.exe /c /I"C:\SFML-2.0-rc\include" /ZI /nologo /W3 /WX- /Od /Oy- /D WIN32 /D _DEBUG /D _CONSOLE /D _UNICODE /D UNICODE /Gm /EHsc /RTC1 /MDd /GS /fp:precise /Zc:wchar_t /Zc:forScope /Fo"Debug\\" /Fd"Debug\vc100.pdb" /Gd /TP /analyze- /errorReport:prompt Game.cpp
         Game.cpp
       ManifestResourceCompile:
         All outputs are up-to-date.
       Link:
         C:\Program Files (x86)\Microsoft Visual Studio 10.0\VC\bin\link.exe /ERRORREPORT:PROMPT /OUT:"C:\repos\Bacterium V10 Ryan\Debug\Arena Game.exe" /INCREMENTAL /NOLOGO /LIBPATH:"C:\SFML-2.0-rc\lib" "sfml-graphics-d.lib" "sfml-window-d.lib" "sfml-network-d.lib" "sfml-audio-d.lib" "sfml-system-d.lib" /MANIFEST /ManifestFile:"Debug\Arena Game.exe.intermediate.manifest" /MANIFESTUAC:"level='asInvoker' uiAccess='false'" /DEBUG /PDB:"C:\repos\Bacterium V10 Ryan\Debug\Arena Game.pdb" /SUBSYSTEM:CONSOLE /TLBID:1 /DYNAMICBASE /NXCOMPAT /IMPLIB:"C:\repos\Bacterium V10 Ryan\Debug\Arena Game.lib" /MACHINE:X86 "Debug\Arena Game.exe.embed.manifest.res"
         Debug\Ability.obj
         Debug\AbilityManager.obj
         Debug\AdvancedAI.obj
         Debug\AnimatedEntity.obj
         Debug\Animation.obj
         Debug\AnimationManager.obj
         Debug\Character.obj
         Debug\CollisionManager.obj
         Debug\CreditsMenu.obj
         Debug\DamagingEntity.obj
         Debug\DefensiveAI.obj
         Debug\Enemy.obj
         Debug\EnemySpawnManager.obj
         Debug\EnemyWave.obj
         Debug\Entity.obj
         Debug\EntityBuilder.obj
         Debug\EntityManager.obj
         Debug\EntityResourceManager.obj
         Debug\FleeingAI.obj
         Debug\FontManager.obj
         Debug\Game.obj
         Debug\GravityAI.obj
         Debug\HighScores.obj
         Debug\HUD.obj
         Debug\Inputhandler.obj
         Debug\jsoncpp.obj
         Debug\main.obj
         Debug\MainMenu.obj
         Debug\Menu.obj
         Debug\Particle.obj
         Debug\ParticleEmitter.obj
         Debug\ParticleEmitterBuilder.obj
         Debug\ParticleEmitterManager.obj
         Debug\ParticleResourceManager.obj
         Debug\PausableClock.obj
         Debug\Player.obj
         Debug\RammerAI.obj
         Debug\SimpleAI.obj
         Debug\SoundManager.obj
         Debug\SoundPlayer.obj
         Debug\SplashScreen.obj
         Debug\SplitletsAI.obj
         Debug\SplitterAI.obj
         Debug\TextureManager.obj
         Debug\Wall.obj
         Debug\World.obj
       Manifest:
         C:\Program Files (x86)\Microsoft SDKs\Windows\v7.0A\bin\mt.exe /nologo /verbose /out:"Debug\Arena Game.exe.embed.manifest" /manifest "Debug\Arena Game.exe.intermediate.manifest"
         All outputs are up-to-date.
       LinkEmbedManifest:
         All outputs are up-to-date.
         Arena Game.vcxproj -> C:\repos\Bacterium V10 Ryan\Debug\Arena Game.exe
       FinalizeBuildStatus:
         Deleting file "Debug\Arena Game.unsuccessfulbuild".
         Touching "Debug\Arena Game.lastbuildstate".
     1>Done Building Project "C:\repos\Bacterium V10 Ryan\Arena Game\Arena Game.vcxproj" (build target(s)).

Build succeeded.

Time Elapsed 00:00:21.01
